<?xml version="1.0" encoding="UTF-8"?>
<testng-results skipped="0" failed="0" total="2" passed="2">
  <reporter-output>
  </reporter-output>
  <suite name="Sanity" duration-ms="55966" started-at="2019-05-22T21:44:03Z" finished-at="2019-05-22T21:44:59Z">
    <groups>
    </groups>
    <test name="Test+CH" duration-ms="55966" started-at="2019-05-22T21:44:03Z" finished-at="2019-05-22T21:44:59Z">
      <class name="GoogleTests">
        <test-method status="PASS" signature="verifyTitle()[pri:0, instance:GoogleTests@66d2e7d9]" name="verifyTitle" duration-ms="51112" started-at="2019-05-22T17:44:03Z" description="verify the title of the page" finished-at="2019-05-22T17:44:54Z">
          <reporter-output>
          </reporter-output>
        </test-method> <!-- verifyTitle -->
        <test-method status="PASS" signature="navigateToGmailPage()[pri:0, instance:GoogleTests@66d2e7d9]" name="navigateToGmailPage" duration-ms="4830" started-at="2019-05-22T17:44:54Z" description="navigate go Gmail and verify title" finished-at="2019-05-22T17:44:59Z">
          <reporter-output>
          </reporter-output>
        </test-method> <!-- navigateToGmailPage -->
      </class> <!-- GoogleTests -->
    </test> <!-- Test+CH -->
  </suite> <!-- Sanity -->
</testng-results>
